<?xml version="1.0" encoding="UTF-8"?>
<testsuites name="Mocha Tests" time="110.9540" tests="1914" failures="1" skipped="230">
  <testsuite name="Root Suite" timestamp="2022-06-30T06:42:24" tests="0" time="0.0000" failures="0">
  </testsuite>
  <testsuite name="POST /instance/:instanceId/cli/:uuid/send-cluster-command" timestamp="2022-06-30T06:42:24" tests="0" file="/usr/src/app/test/api/cli/POST-instance-id-cli-uuid-send_cluster_command.test.ts" time="0.0000" failures="0">
  </testsuite>
  <testsuite name="Validation" timestamp="2022-06-30T06:42:24" tests="19" file="/usr/src/app/test/api/cli/POST-instance-id-cli-uuid-send_cluster_command.test.ts" time="0.0020" failures="0">
  </testsuite>
  <testsuite name="Common" timestamp="2022-06-30T06:42:24" tests="3" file="/usr/src/app/test/api/cli/POST-instance-id-cli-uuid-send_cluster_command.test.ts" time="0.0010" failures="0">
  </testsuite>
  <testsuite name="Single Node" timestamp="2022-06-30T06:42:24" tests="0" file="/usr/src/app/test/api/cli/POST-instance-id-cli-uuid-send_cluster_command.test.ts" time="0.0000" failures="0">
  </testsuite>
  <testsuite name="String" timestamp="2022-06-30T06:42:24" tests="3" file="/usr/src/app/test/api/cli/POST-instance-id-cli-uuid-send_cluster_command.test.ts" time="0.0010" failures="0">
  </testsuite>
  <testsuite name="Raw output" timestamp="2022-06-30T06:42:24" tests="4" file="/usr/src/app/test/api/cli/POST-instance-id-cli-uuid-send_cluster_command.test.ts" time="0.0000" failures="0">
  </testsuite>
  <testsuite name="Client" timestamp="2022-06-30T06:42:24" tests="1" file="/usr/src/app/test/api/cli/POST-instance-id-cli-uuid-send_cluster_command.test.ts" time="0.0010" failures="0">
  </testsuite>
  <testsuite name="POST /instance/:instanceId/cli/:uuid/send-command" timestamp="2022-06-30T06:42:24" tests="0" file="/usr/src/app/test/api/cli/POST-instance-id-cli-uuid-send_command.test.ts" time="0.0000" failures="0">
  </testsuite>
  <testsuite name="Validation" timestamp="2022-06-30T06:42:24" tests="12" file="/usr/src/app/test/api/cli/POST-instance-id-cli-uuid-send_command.test.ts" time="0.2930" failures="0">
    <testcase name="POST /instance/:instanceId/cli/:uuid/send-command Validation Validation error when data: command = &quot;undefined&quot;" time="0.0580" classname="Validation error when data: command = &quot;undefined&quot;">
    </testcase>
    <testcase name="POST /instance/:instanceId/cli/:uuid/send-command Validation Validation error when data: command = &quot;null&quot;" time="0.0070" classname="Validation error when data: command = &quot;null&quot;">
    </testcase>
    <testcase name="POST /instance/:instanceId/cli/:uuid/send-command Validation Validation error when data: command = &quot;100&quot;" time="0.0070" classname="Validation error when data: command = &quot;100&quot;">
    </testcase>
    <testcase name="POST /instance/:instanceId/cli/:uuid/send-command Validation Validation error when data: command = &quot;100.12&quot;" time="0.0060" classname="Validation error when data: command = &quot;100.12&quot;">
    </testcase>
    <testcase name="POST /instance/:instanceId/cli/:uuid/send-command Validation Validation error when data: command = &quot;true&quot;" time="0.0100" classname="Validation error when data: command = &quot;true&quot;">
    </testcase>
    <testcase name="POST /instance/:instanceId/cli/:uuid/send-command Validation Validation error when data: command = &quot;[object Object]&quot;" time="0.0070" classname="Validation error when data: command = &quot;[object Object]&quot;">
    </testcase>
    <testcase name="POST /instance/:instanceId/cli/:uuid/send-command Validation Validation error when data: command = &quot;some,array&quot;" time="0.0080" classname="Validation error when data: command = &quot;some,array&quot;">
    </testcase>
    <testcase name="POST /instance/:instanceId/cli/:uuid/send-command Validation Validation error when data: outputFormat = &quot;100&quot;" time="0.0080" classname="Validation error when data: outputFormat = &quot;100&quot;">
    </testcase>
    <testcase name="POST /instance/:instanceId/cli/:uuid/send-command Validation Validation error when data: outputFormat = &quot;100.12&quot;" time="0.0070" classname="Validation error when data: outputFormat = &quot;100.12&quot;">
    </testcase>
    <testcase name="POST /instance/:instanceId/cli/:uuid/send-command Validation Validation error when data: outputFormat = &quot;true&quot;" time="0.0100" classname="Validation error when data: outputFormat = &quot;true&quot;">
    </testcase>
    <testcase name="POST /instance/:instanceId/cli/:uuid/send-command Validation Validation error when data: outputFormat = &quot;[object Object]&quot;" time="0.0090" classname="Validation error when data: outputFormat = &quot;[object Object]&quot;">
    </testcase>
    <testcase name="POST /instance/:instanceId/cli/:uuid/send-command Validation Validation error when data: outputFormat = &quot;some,array&quot;" time="0.0060" classname="Validation error when data: outputFormat = &quot;some,array&quot;">
    </testcase>
  </testsuite>
  <testsuite name="Common" timestamp="2022-06-30T06:42:25" tests="0" file="/usr/src/app/test/api/cli/POST-instance-id-cli-uuid-send_command.test.ts" time="0.0000" failures="0">
  </testsuite>
  <testsuite name="String" timestamp="2022-06-30T06:42:25" tests="3" file="/usr/src/app/test/api/cli/POST-instance-id-cli-uuid-send_command.test.ts" time="0.0530" failures="0">
    <testcase name="POST /instance/:instanceId/cli/:uuid/send-command Common String Should create string" time="0.0100" classname="Should create string">
    </testcase>
    <testcase name="POST /instance/:instanceId/cli/:uuid/send-command Common String Should get string" time="0.0060" classname="Should get string">
    </testcase>
    <testcase name="POST /instance/:instanceId/cli/:uuid/send-command Common String Should remove string" time="0.0100" classname="Should remove string">
    </testcase>
  </testsuite>
  <testsuite name="List" timestamp="2022-06-30T06:42:25" tests="3" file="/usr/src/app/test/api/cli/POST-instance-id-cli-uuid-send_command.test.ts" time="0.0450" failures="0">
    <testcase name="POST /instance/:instanceId/cli/:uuid/send-command Common List Should create list" time="0.0060" classname="Should create list">
    </testcase>
    <testcase name="POST /instance/:instanceId/cli/:uuid/send-command Common List Should get list" time="0.0050" classname="Should get list">
    </testcase>
    <testcase name="POST /instance/:instanceId/cli/:uuid/send-command Common List Should remove list" time="0.0070" classname="Should remove list">
    </testcase>
  </testsuite>
  <testsuite name="Set" timestamp="2022-06-30T06:42:25" tests="3" file="/usr/src/app/test/api/cli/POST-instance-id-cli-uuid-send_command.test.ts" time="0.0430" failures="0">
    <testcase name="POST /instance/:instanceId/cli/:uuid/send-command Common Set Should create set" time="0.0070" classname="Should create set">
    </testcase>
    <testcase name="POST /instance/:instanceId/cli/:uuid/send-command Common Set Should get set" time="0.0050" classname="Should get set">
    </testcase>
    <testcase name="POST /instance/:instanceId/cli/:uuid/send-command Common Set Should remove list" time="0.0070" classname="Should remove list">
    </testcase>
  </testsuite>
  <testsuite name="ZSet" timestamp="2022-06-30T06:42:25" tests="3" file="/usr/src/app/test/api/cli/POST-instance-id-cli-uuid-send_command.test.ts" time="0.0430" failures="0">
    <testcase name="POST /instance/:instanceId/cli/:uuid/send-command Common ZSet Should create zset" time="0.0060" classname="Should create zset">
    </testcase>
    <testcase name="POST /instance/:instanceId/cli/:uuid/send-command Common ZSet Should get zset" time="0.0050" classname="Should get zset">
    </testcase>
    <testcase name="POST /instance/:instanceId/cli/:uuid/send-command Common ZSet Should remove zset" time="0.0050" classname="Should remove zset">
    </testcase>
  </testsuite>
  <testsuite name="Hash" timestamp="2022-06-30T06:42:25" tests="3" file="/usr/src/app/test/api/cli/POST-instance-id-cli-uuid-send_command.test.ts" time="0.0480" failures="0">
    <testcase name="POST /instance/:instanceId/cli/:uuid/send-command Common Hash Should create hash" time="0.0080" classname="Should create hash">
    </testcase>
    <testcase name="POST /instance/:instanceId/cli/:uuid/send-command Common Hash Should get hash" time="0.0090" classname="Should get hash">
    </testcase>
    <testcase name="POST /instance/:instanceId/cli/:uuid/send-command Common Hash Should remove hash" time="0.0040" classname="Should remove hash">
    </testcase>
  </testsuite>
  <testsuite name="ReJSON-RL" timestamp="2022-06-30T06:42:25" tests="3" file="/usr/src/app/test/api/cli/POST-instance-id-cli-uuid-send_command.test.ts" time="0.0510" failures="0">
    <testcase name="POST /instance/:instanceId/cli/:uuid/send-command Common ReJSON-RL Should create json" time="0.0070" classname="Should create json">
    </testcase>
    <testcase name="POST /instance/:instanceId/cli/:uuid/send-command Common ReJSON-RL Should get json" time="0.0060" classname="Should get json">
    </testcase>
    <testcase name="POST /instance/:instanceId/cli/:uuid/send-command Common ReJSON-RL Should remove json" time="0.0070" classname="Should remove json">
    </testcase>
  </testsuite>
  <testsuite name="TSDB-TYPE" timestamp="2022-06-30T06:42:25" tests="4" file="/usr/src/app/test/api/cli/POST-instance-id-cli-uuid-send_command.test.ts" time="0.0510" failures="0">
    <testcase name="POST /instance/:instanceId/cli/:uuid/send-command Common TSDB-TYPE Should create ts" time="0.0070" classname="Should create ts">
    </testcase>
    <testcase name="POST /instance/:instanceId/cli/:uuid/send-command Common TSDB-TYPE Should add to ts" time="0.0050" classname="Should add to ts">
    </testcase>
    <testcase name="POST /instance/:instanceId/cli/:uuid/send-command Common TSDB-TYPE Should get ts" time="0.0040" classname="Should get ts">
    </testcase>
    <testcase name="POST /instance/:instanceId/cli/:uuid/send-command Common TSDB-TYPE Should remove ts" time="0.0050" classname="Should remove ts">
    </testcase>
  </testsuite>
  <testsuite name="Graph" timestamp="2022-06-30T06:42:25" tests="3" file="/usr/src/app/test/api/cli/POST-instance-id-cli-uuid-send_command.test.ts" time="0.0590" failures="0">
    <testcase name="POST /instance/:instanceId/cli/:uuid/send-command Common Graph Should create graph" time="0.0080" classname="Should create graph">
    </testcase>
    <testcase name="POST /instance/:instanceId/cli/:uuid/send-command Common Graph Should get graph" time="0.0060" classname="Should get graph">
    </testcase>
    <testcase name="POST /instance/:instanceId/cli/:uuid/send-command Common Graph Should remove graph" time="0.0060" classname="Should remove graph">
    </testcase>
  </testsuite>
  <testsuite name="RediSearch v2" timestamp="2022-06-30T06:42:25" tests="0" file="/usr/src/app/test/api/cli/POST-instance-id-cli-uuid-send_command.test.ts" time="0.0000" failures="0">
  </testsuite>
  <testsuite name="Hash" timestamp="2022-06-30T06:42:25" tests="6" file="/usr/src/app/test/api/cli/POST-instance-id-cli-uuid-send_command.test.ts" time="0.0850" failures="0">
    <testcase name="POST /instance/:instanceId/cli/:uuid/send-command Common RediSearch v2 Hash Should create index" time="0.0050" classname="Should create index">
    </testcase>
    <testcase name="POST /instance/:instanceId/cli/:uuid/send-command Common RediSearch v2 Hash Should return the list of all existing indexes." time="0.0040" classname="Should return the list of all existing indexes.">
    </testcase>
    <testcase name="POST /instance/:instanceId/cli/:uuid/send-command Common RediSearch v2 Hash Should return index info" time="0.0080" classname="Should return index info">
    </testcase>
    <testcase name="POST /instance/:instanceId/cli/:uuid/send-command Common RediSearch v2 Hash Should find documents" time="0.0090" classname="Should find documents">
    </testcase>
    <testcase name="POST /instance/:instanceId/cli/:uuid/send-command Common RediSearch v2 Hash Should aggregate documents by uniq @title" time="0.0060" classname="Should aggregate documents by uniq @title">
    </testcase>
    <testcase name="POST /instance/:instanceId/cli/:uuid/send-command Common RediSearch v2 Hash Should remove index" time="0.0090" classname="Should remove index">
    </testcase>
  </testsuite>
  <testsuite name="JSON" timestamp="2022-06-30T06:42:25" tests="5" file="/usr/src/app/test/api/cli/POST-instance-id-cli-uuid-send_command.test.ts" time="0.0790" failures="0">
    <testcase name="POST /instance/:instanceId/cli/:uuid/send-command Common RediSearch v2 JSON Should create index" time="0.0060" classname="Should create index">
    </testcase>
    <testcase name="POST /instance/:instanceId/cli/:uuid/send-command Common RediSearch v2 JSON Should return index info" time="0.0110" classname="Should return index info">
    </testcase>
    <testcase name="POST /instance/:instanceId/cli/:uuid/send-command Common RediSearch v2 JSON Should find documents" time="0.0100" classname="Should find documents">
    </testcase>
    <testcase name="POST /instance/:instanceId/cli/:uuid/send-command Common RediSearch v2 JSON Should aggregate documents by uniq @name" time="0.0040" classname="Should aggregate documents by uniq @name">
    </testcase>
    <testcase name="POST /instance/:instanceId/cli/:uuid/send-command Common RediSearch v2 JSON Should remove index" time="0.0040" classname="Should remove index">
    </testcase>
  </testsuite>
  <testsuite name="RediSearch v1" timestamp="2022-06-30T06:42:25" tests="0" file="/usr/src/app/test/api/cli/POST-instance-id-cli-uuid-send_command.test.ts" time="0.0000" failures="0">
  </testsuite>
  <testsuite name="Hash" timestamp="2022-06-30T06:42:25" tests="4" file="/usr/src/app/test/api/cli/POST-instance-id-cli-uuid-send_command.test.ts" time="0.0010" failures="0">
  </testsuite>
  <testsuite name="Stream" timestamp="2022-06-30T06:42:25" tests="3" file="/usr/src/app/test/api/cli/POST-instance-id-cli-uuid-send_command.test.ts" time="0.0410" failures="0">
    <testcase name="POST /instance/:instanceId/cli/:uuid/send-command Common Stream Should create stream" time="0.0050" classname="Should create stream">
    </testcase>
    <testcase name="POST /instance/:instanceId/cli/:uuid/send-command Common Stream Should get stream" time="0.0090" classname="Should get stream">
    </testcase>
    <testcase name="POST /instance/:instanceId/cli/:uuid/send-command Common Stream Should remove stream" time="0.0050" classname="Should remove stream">
    </testcase>
  </testsuite>
  <testsuite name="Bad commands" timestamp="2022-06-30T06:42:25" tests="7" file="/usr/src/app/test/api/cli/POST-instance-id-cli-uuid-send_command.test.ts" time="0.0860" failures="0">
    <testcase name="POST /instance/:instanceId/cli/:uuid/send-command Common Bad commands Should return error if invalid command sent" time="0.0060" classname="Should return error if invalid command sent">
    </testcase>
    <testcase name="POST /instance/:instanceId/cli/:uuid/send-command Common Bad commands Should return error if try to run unsupported command (monitor)" time="0.0040" classname="Should return error if try to run unsupported command (monitor)">
    </testcase>
    <testcase name="POST /instance/:instanceId/cli/:uuid/send-command Common Bad commands Should return error if try to run unsupported command (subscribe)" time="0.0040" classname="Should return error if try to run unsupported command (subscribe)">
    </testcase>
    <testcase name="POST /instance/:instanceId/cli/:uuid/send-command Common Bad commands Should return error if try to run unsupported command (psubscribe)" time="0.0050" classname="Should return error if try to run unsupported command (psubscribe)">
    </testcase>
    <testcase name="POST /instance/:instanceId/cli/:uuid/send-command Common Bad commands Should return error if try to run unsupported command (sync)" time="0.0050" classname="Should return error if try to run unsupported command (sync)">
    </testcase>
    <testcase name="POST /instance/:instanceId/cli/:uuid/send-command Common Bad commands Should return error if try to run unsupported command (psync)" time="0.0040" classname="Should return error if try to run unsupported command (psync)">
    </testcase>
    <testcase name="POST /instance/:instanceId/cli/:uuid/send-command Common Bad commands Should return error if try to run unsupported command (script debug)" time="0.0040" classname="Should return error if try to run unsupported command (script debug)">
    </testcase>
  </testsuite>
  <testsuite name="Blocking commands" timestamp="2022-06-30T06:42:25" tests="4" file="/usr/src/app/test/api/cli/POST-instance-id-cli-uuid-send_command.test.ts" time="11.0940" failures="0">
    <testcase name="POST /instance/:instanceId/cli/:uuid/send-command Common Blocking commands Should use blocking command (unblock by cli command)" time="5.0080" classname="Should use blocking command (unblock by cli command)">
    </testcase>
    <testcase name="POST /instance/:instanceId/cli/:uuid/send-command Common Blocking commands Should use blocking command (unblock by adding element)" time="5.0080" classname="Should use blocking command (unblock by adding element)">
    </testcase>
    <testcase name="POST /instance/:instanceId/cli/:uuid/send-command Common Blocking commands Should use blocking command (unblock by removing client through API)" time="1.0060" classname="Should use blocking command (unblock by removing client through API)">
    </testcase>
    <testcase name="POST /instance/:instanceId/cli/:uuid/send-command Common Blocking commands Should remove list" time="0.0110" classname="Should remove list">
    </testcase>
  </testsuite>
  <testsuite name="Human readable commands" timestamp="2022-06-30T06:42:36" tests="1" file="/usr/src/app/test/api/cli/POST-instance-id-cli-uuid-send_command.test.ts" time="0.0130" failures="0">
    <testcase name="POST /instance/:instanceId/cli/:uuid/send-command Common Human readable commands Should return server info in correct text format" time="0.0040" classname="Should return server info in correct text format">
    </testcase>
  </testsuite>
  <testsuite name="Raw output" timestamp="2022-06-30T06:42:36" tests="4" file="/usr/src/app/test/api/cli/POST-instance-id-cli-uuid-send_command.test.ts" time="0.0550" failures="0">
    <testcase name="POST /instance/:instanceId/cli/:uuid/send-command Raw output Should return a string type response" time="0.0050" classname="Should return a string type response">
    </testcase>
    <testcase name="POST /instance/:instanceId/cli/:uuid/send-command Raw output Should return a number type response" time="0.0060" classname="Should return a number type response">
    </testcase>
    <testcase name="POST /instance/:instanceId/cli/:uuid/send-command Raw output Should return an array type response" time="0.0090" classname="Should return an array type response">
    </testcase>
    <testcase name="POST /instance/:instanceId/cli/:uuid/send-command Raw output Should return an object type response" time="0.0060" classname="Should return an object type response">
    </testcase>
  </testsuite>
  <testsuite name="Client" timestamp="2022-06-30T06:42:37" tests="1" file="/usr/src/app/test/api/cli/POST-instance-id-cli-uuid-send_command.test.ts" time="0.0240" failures="0">
    <testcase name="POST /instance/:instanceId/cli/:uuid/send-command Client Should throw ClientNotFoundError" time="0.0150" classname="Should throw ClientNotFoundError">
    </testcase>
  </testsuite>
  <testsuite name="POST /instance/:instanceId/cli" timestamp="2022-06-30T06:42:37" tests="0" file="/usr/src/app/test/api/cli/POST-instance-id-cli.test.ts" time="0.0000" failures="0">
  </testsuite>
  <testsuite name="Common" timestamp="2022-06-30T06:42:37" tests="1" file="/usr/src/app/test/api/cli/POST-instance-id-cli.test.ts" time="0.0090" failures="0">
    <testcase name="POST /instance/:instanceId/cli Common Should create new cli client" time="0.0080" classname="Should create new cli client">
    </testcase>
  </testsuite>
  <testsuite name="POST /redis-enterprise/cloud/get-account" timestamp="2022-06-30T06:42:37" tests="0" file="/usr/src/app/test/api/cloud/POST-redis_enterprise-cloud-get_account.test.ts" time="0.0000" failures="0">
  </testsuite>
  <testsuite name="Validation" timestamp="2022-06-30T06:42:37" tests="14" file="/usr/src/app/test/api/cloud/POST-redis_enterprise-cloud-get_account.test.ts" time="0.0010" failures="0">
  </testsuite>
  <testsuite name="Common" timestamp="2022-06-30T06:42:37" tests="3" file="/usr/src/app/test/api/cloud/POST-redis_enterprise-cloud-get_account.test.ts" time="0.0000" failures="0">
  </testsuite>
  <testsuite name="POST /redis-enterprise/cloud/get-databases" timestamp="2022-06-30T06:42:37" tests="0" file="/usr/src/app/test/api/cloud/POST-redis_enterprise-cloud-get_databases.test.ts" time="0.0000" failures="0">
  </testsuite>
  <testsuite name="Validation" timestamp="2022-06-30T06:42:37" tests="19" file="/usr/src/app/test/api/cloud/POST-redis_enterprise-cloud-get_databases.test.ts" time="0.0010" failures="0">
  </testsuite>
  <testsuite name="Common" timestamp="2022-06-30T06:42:37" tests="4" file="/usr/src/app/test/api/cloud/POST-redis_enterprise-cloud-get_databases.test.ts" time="0.0000" failures="0">
  </testsuite>
  <testsuite name="POST /redis-enterprise/cloud/get-subscriptions" timestamp="2022-06-30T06:42:37" tests="0" file="/usr/src/app/test/api/cloud/POST-redis_enterprise-cloud-get_subscriptions.test.ts" time="0.0000" failures="0">
  </testsuite>
  <testsuite name="Validation" timestamp="2022-06-30T06:42:37" tests="14" file="/usr/src/app/test/api/cloud/POST-redis_enterprise-cloud-get_subscriptions.test.ts" time="0.0010" failures="0">
  </testsuite>
  <testsuite name="Common" timestamp="2022-06-30T06:42:37" tests="3" file="/usr/src/app/test/api/cloud/POST-redis_enterprise-cloud-get_subscriptions.test.ts" time="0.0000" failures="0">
  </testsuite>
  <testsuite name="GET /commands" timestamp="2022-06-30T06:42:37" tests="1" file="/usr/src/app/test/api/commands/GET-commands.test.ts" time="0.0180" failures="0">
    <testcase name="GET /commands Should return merged config" time="0.0170" classname="Should return merged config">
    </testcase>
  </testsuite>
  <testsuite name="POST /redis-enterprise/cluster/get-dbs" timestamp="2022-06-30T06:42:37" tests="2" file="/usr/src/app/test/api/enterprise/POST-redis-enterprise-cluster-get_dbs.test.ts" time="0.0000" failures="0">
  </testsuite>
  <testsuite name="DELETE /instance/:instanceId/hash/fields" timestamp="2022-06-30T06:42:37" tests="0" file="/usr/src/app/test/api/hash/DELETE-instance-id-hash-fields.test.ts" time="0.0000" failures="0">
  </testsuite>
  <testsuite name="Validation" timestamp="2022-06-30T06:42:37" tests="13" file="/usr/src/app/test/api/hash/DELETE-instance-id-hash-fields.test.ts" time="0.0580" failures="0">
    <testcase name="DELETE /instance/:instanceId/hash/fields Validation Validation error when data: keyName = &quot;undefined&quot;" time="0.0040" classname="Validation error when data: keyName = &quot;undefined&quot;">
    </testcase>
    <testcase name="DELETE /instance/:instanceId/hash/fields Validation Validation error when data: keyName = &quot;null&quot;" time="0.0040" classname="Validation error when data: keyName = &quot;null&quot;">
    </testcase>
    <testcase name="DELETE /instance/:instanceId/hash/fields Validation Validation error when data: keyName = &quot;100&quot;" time="0.0040" classname="Validation error when data: keyName = &quot;100&quot;">
    </testcase>
    <testcase name="DELETE /instance/:instanceId/hash/fields Validation Validation error when data: keyName = &quot;100.12&quot;" time="0.0040" classname="Validation error when data: keyName = &quot;100.12&quot;">
    </testcase>
    <testcase name="DELETE /instance/:instanceId/hash/fields Validation Validation error when data: keyName = &quot;true&quot;" time="0.0040" classname="Validation error when data: keyName = &quot;true&quot;">
    </testcase>
    <testcase name="DELETE /instance/:instanceId/hash/fields Validation Validation error when data: keyName = &quot;[object Object]&quot;" time="0.0030" classname="Validation error when data: keyName = &quot;[object Object]&quot;">
    </testcase>
    <testcase name="DELETE /instance/:instanceId/hash/fields Validation Validation error when data: keyName = &quot;some,array&quot;" time="0.0030" classname="Validation error when data: keyName = &quot;some,array&quot;">
    </testcase>
    <testcase name="DELETE /instance/:instanceId/hash/fields Validation Validation error when data: fields = &quot;undefined&quot;" time="0.0040" classname="Validation error when data: fields = &quot;undefined&quot;">
    </testcase>
    <testcase name="DELETE /instance/:instanceId/hash/fields Validation Validation error when data: fields = &quot;null&quot;" time="0.0050" classname="Validation error when data: fields = &quot;null&quot;">
    </testcase>
    <testcase name="DELETE /instance/:instanceId/hash/fields Validation Validation error when data: fields = &quot;somestring&quot;" time="0.0040" classname="Validation error when data: fields = &quot;somestring&quot;">
    </testcase>
    <testcase name="DELETE /instance/:instanceId/hash/fields Validation Validation error when data: fields = &quot;100&quot;" time="0.0040" classname="Validation error when data: fields = &quot;100&quot;">
    </testcase>
    <testcase name="DELETE /instance/:instanceId/hash/fields Validation Validation error when data: fields = &quot;100.12&quot;" time="0.0040" classname="Validation error when data: fields = &quot;100.12&quot;">
    </testcase>
    <testcase name="DELETE /instance/:instanceId/hash/fields Validation Validation error when data: fields = &quot;true&quot;" time="0.0040" classname="Validation error when data: fields = &quot;true&quot;">
    </testcase>
  </testsuite>
  <testsuite name="Common" timestamp="2022-06-30T06:42:37" tests="7" file="/usr/src/app/test/api/hash/DELETE-instance-id-hash-fields.test.ts" time="0.1380" failures="0">
    <testcase name="DELETE /instance/:instanceId/hash/fields Common Should ignore not existing field" time="0.0480" classname="Should ignore not existing field">
    </testcase>
    <testcase name="DELETE /instance/:instanceId/hash/fields Common Should remove 1 field" time="0.0370" classname="Should remove 1 field">
    </testcase>
    <testcase name="DELETE /instance/:instanceId/hash/fields Common Should remove multiple fields" time="0.0320" classname="Should remove multiple fields">
    </testcase>
    <testcase name="DELETE /instance/:instanceId/hash/fields Common Should remove all fields and the key" time="0.0100" classname="Should remove all fields and the key">
    </testcase>
    <testcase name="DELETE /instance/:instanceId/hash/fields Common Should return BadRequest error if try to modify incorrect data type" time="0.0030" classname="Should return BadRequest error if try to modify incorrect data type">
    </testcase>
    <testcase name="DELETE /instance/:instanceId/hash/fields Common Should return NotFound error if key does not exists" time="0.0040" classname="Should return NotFound error if key does not exists">
    </testcase>
    <testcase name="DELETE /instance/:instanceId/hash/fields Common Should return NotFound error if instance id does not exists" time="0.0020" classname="Should return NotFound error if instance id does not exists">
    </testcase>
  </testsuite>
  <testsuite name="ACL" timestamp="2022-06-30T06:42:37" tests="3" file="/usr/src/app/test/api/hash/DELETE-instance-id-hash-fields.test.ts" time="0.0180" failures="0">
    <testcase name="DELETE /instance/:instanceId/hash/fields ACL Should not delete member" time="0.0080" classname="Should not delete member">
    </testcase>
    <testcase name="DELETE /instance/:instanceId/hash/fields ACL Should throw error if no permissions for &quot;hdel&quot; command" time="0.0050" classname="Should throw error if no permissions for &quot;hdel&quot; command">
    </testcase>
    <testcase name="DELETE /instance/:instanceId/hash/fields ACL Should throw error if no permissions for &quot;exists&quot; command" time="0.0040" classname="Should throw error if no permissions for &quot;exists&quot; command">
    </testcase>
  </testsuite>
  <testsuite name="POST /instance/:instanceId/hash/get-fields" timestamp="2022-06-30T06:42:37" tests="0" file="/usr/src/app/test/api/hash/POST-instance-id-hash-get_fields.test.ts" time="0.0000" failures="0">
  </testsuite>
  <testsuite name="Validation" timestamp="2022-06-30T06:42:37" tests="24" file="/usr/src/app/test/api/hash/POST-instance-id-hash-get_fields.test.ts" time="0.1380" failures="0">
    <testcase name="POST /instance/:instanceId/hash/get-fields Validation Validation error when data: keyName = &quot;undefined&quot;" time="0.0050" classname="Validation error when data: keyName = &quot;undefined&quot;">
    </testcase>
    <testcase name="POST /instance/:instanceId/hash/get-fields Validation Validation error when data: keyName = &quot;null&quot;" time="0.0040" classname="Validation error when data: keyName = &quot;null&quot;">
    </testcase>
    <testcase name="POST /instance/:instanceId/hash/get-fields Validation Validation error when data: keyName = &quot;100&quot;" time="0.0060" classname="Validation error when data: keyName = &quot;100&quot;">
    </testcase>
    <testcase name="POST /instance/:instanceId/hash/get-fields Validation Validation error when data: keyName = &quot;100.12&quot;" time="0.0050" classname="Validation error when data: keyName = &quot;100.12&quot;">
    </testcase>
    <testcase name="POST /instance/:instanceId/hash/get-fields Validation Validation error when data: keyName = &quot;true&quot;" time="0.0050" classname="Validation error when data: keyName = &quot;true&quot;">
    </testcase>
    <testcase name="POST /instance/:instanceId/hash/get-fields Validation Validation error when data: keyName = &quot;[object Object]&quot;" time="0.0040" classname="Validation error when data: keyName = &quot;[object Object]&quot;">
    </testcase>
    <testcase name="POST /instance/:instanceId/hash/get-fields Validation Validation error when data: keyName = &quot;some,array&quot;" time="0.0080" classname="Validation error when data: keyName = &quot;some,array&quot;">
    </testcase>
    <testcase name="POST /instance/:instanceId/hash/get-fields Validation Validation error when data: cursor = &quot;undefined&quot;" time="0.0050" classname="Validation error when data: cursor = &quot;undefined&quot;">
    </testcase>
    <testcase name="POST /instance/:instanceId/hash/get-fields Validation Validation error when data: cursor = &quot;null&quot;" time="0.0070" classname="Validation error when data: cursor = &quot;null&quot;">
    </testcase>
    <testcase name="POST /instance/:instanceId/hash/get-fields Validation Validation error when data: cursor = &quot;stringvalue&quot;" time="0.0080" classname="Validation error when data: cursor = &quot;stringvalue&quot;">
    </testcase>
    <testcase name="POST /instance/:instanceId/hash/get-fields Validation Validation error when data: cursor = &quot;[object Object]&quot;" time="0.0070" classname="Validation error when data: cursor = &quot;[object Object]&quot;">
    </testcase>
    <testcase name="POST /instance/:instanceId/hash/get-fields Validation Validation error when data: cursor = &quot;some,array&quot;" time="0.0060" classname="Validation error when data: cursor = &quot;some,array&quot;">
    </testcase>
    <testcase name="POST /instance/:instanceId/hash/get-fields Validation Validation error when data: cursor = &quot;11.11&quot;" time="0.0080" classname="Validation error when data: cursor = &quot;11.11&quot;">
    </testcase>
    <testcase name="POST /instance/:instanceId/hash/get-fields Validation Validation error when data: cursor = &quot;-1&quot;" time="0.0030" classname="Validation error when data: cursor = &quot;-1&quot;">
    </testcase>
    <testcase name="POST /instance/:instanceId/hash/get-fields Validation Validation error when data: count = &quot;stringvalue&quot;" time="0.0030" classname="Validation error when data: count = &quot;stringvalue&quot;">
    </testcase>
    <testcase name="POST /instance/:instanceId/hash/get-fields Validation Validation error when data: count = &quot;[object Object]&quot;" time="0.0040" classname="Validation error when data: count = &quot;[object Object]&quot;">
    </testcase>
    <testcase name="POST /instance/:instanceId/hash/get-fields Validation Validation error when data: count = &quot;some,array&quot;" time="0.0040" classname="Validation error when data: count = &quot;some,array&quot;">
    </testcase>
    <testcase name="POST /instance/:instanceId/hash/get-fields Validation Validation error when data: count = &quot;11.11&quot;" time="0.0030" classname="Validation error when data: count = &quot;11.11&quot;">
    </testcase>
    <testcase name="POST /instance/:instanceId/hash/get-fields Validation Validation error when data: count = &quot;0&quot;" time="0.0030" classname="Validation error when data: count = &quot;0&quot;">
    </testcase>
    <testcase name="POST /instance/:instanceId/hash/get-fields Validation Validation error when data: match = &quot;100&quot;" time="0.0050" classname="Validation error when data: match = &quot;100&quot;">
    </testcase>
    <testcase name="POST /instance/:instanceId/hash/get-fields Validation Validation error when data: match = &quot;100.12&quot;" time="0.0040" classname="Validation error when data: match = &quot;100.12&quot;">
    </testcase>
    <testcase name="POST /instance/:instanceId/hash/get-fields Validation Validation error when data: match = &quot;true&quot;" time="0.0040" classname="Validation error when data: match = &quot;true&quot;">
    </testcase>
    <testcase name="POST /instance/:instanceId/hash/get-fields Validation Validation error when data: match = &quot;[object Object]&quot;" time="0.0050" classname="Validation error when data: match = &quot;[object Object]&quot;">
    </testcase>
    <testcase name="POST /instance/:instanceId/hash/get-fields Validation Validation error when data: match = &quot;some,array&quot;" time="0.0030" classname="Validation error when data: match = &quot;some,array&quot;">
    </testcase>
  </testsuite>
  <testsuite name="Common" timestamp="2022-06-30T06:42:37" tests="8" file="/usr/src/app/test/api/hash/POST-instance-id-hash-get_fields.test.ts" time="0.0000" failures="0">
    <testcase name="POST /instance/:instanceId/hash/get-fields Common Should find by exact match" time="0.0050" classname="Should find by exact match">
    </testcase>
    <testcase name="POST /instance/:instanceId/hash/get-fields Common Should not find any field" time="0.0380" classname="Should not find any field">
    </testcase>
    <testcase name="POST /instance/:instanceId/hash/get-fields Common Should query 15 fields" time="0.0080" classname="Should query 15 fields">
    </testcase>
    <testcase name="POST /instance/:instanceId/hash/get-fields Common Should query by * in the end" time="0.0380" classname="Should query by * in the end">
    </testcase>
    <testcase name="POST /instance/:instanceId/hash/get-fields Common Should query by * in the beginning" time="0.0390" classname="Should query by * in the beginning">
    </testcase>
    <testcase name="POST /instance/:instanceId/hash/get-fields Common Should query by * in the middle" time="0.0270" classname="Should query by * in the middle">
    </testcase>
    <testcase name="POST /instance/:instanceId/hash/get-fields Common Should return NotFound error if key does not exists" time="0.0030" classname="Should return NotFound error if key does not exists">
    </testcase>
    <testcase name="POST /instance/:instanceId/hash/get-fields Common Should return NotFound error if instance id does not exists" time="0.0030" classname="Should return NotFound error if instance id does not exists">
    </testcase>
  </testsuite>
  <testsuite name="Search in huge number of fields" timestamp="2022-06-30T06:42:37" tests="1" file="/usr/src/app/test/api/hash/POST-instance-id-hash-get_fields.test.ts" time="0.0000" failures="0">
  </testsuite>
  <testsuite name="ACL" timestamp="2022-06-30T06:42:37" tests="4" file="/usr/src/app/test/api/hash/POST-instance-id-hash-get_fields.test.ts" time="0.0210" failures="0">
    <testcase name="POST /instance/:instanceId/hash/get-fields ACL Should not delete member" time="0.0040" classname="Should not delete member">
    </testcase>
    <testcase name="POST /instance/:instanceId/hash/get-fields ACL Should throw error if no permissions for &quot;hlen&quot; command" time="0.0040" classname="Should throw error if no permissions for &quot;hlen&quot; command">
    </testcase>
    <testcase name="POST /instance/:instanceId/hash/get-fields ACL Should throw error if no permissions for &quot;hget&quot; command" time="0.0050" classname="Should throw error if no permissions for &quot;hget&quot; command">
    </testcase>
    <testcase name="POST /instance/:instanceId/hash/get-fields ACL Should throw error if no permissions for &quot;hscan&quot; command" time="0.0040" classname="Should throw error if no permissions for &quot;hscan&quot; command">
    </testcase>
  </testsuite>
  <testsuite name="POST /instance/:instanceId/hash" timestamp="2022-06-30T06:42:37" tests="0" file="/usr/src/app/test/api/hash/POST-instance-id-hash.test.ts" time="0.0000" failures="0">
  </testsuite>
  <testsuite name="Validation" timestamp="2022-06-30T06:42:37" tests="37" file="/usr/src/app/test/api/hash/POST-instance-id-hash.test.ts" time="0.1580" failures="0">
    <testcase name="POST /instance/:instanceId/hash Validation Validation error when data: keyName = &quot;undefined&quot;" time="0.0050" classname="Validation error when data: keyName = &quot;undefined&quot;">
    </testcase>
    <testcase name="POST /instance/:instanceId/hash Validation Validation error when data: keyName = &quot;null&quot;" time="0.0030" classname="Validation error when data: keyName = &quot;null&quot;">
    </testcase>
    <testcase name="POST /instance/:instanceId/hash Validation Validation error when data: keyName = &quot;100&quot;" time="0.0040" classname="Validation error when data: keyName = &quot;100&quot;">
    </testcase>
    <testcase name="POST /instance/:instanceId/hash Validation Validation error when data: keyName = &quot;100.12&quot;" time="0.0030" classname="Validation error when data: keyName = &quot;100.12&quot;">
    </testcase>
    <testcase name="POST /instance/:instanceId/hash Validation Validation error when data: keyName = &quot;true&quot;" time="0.0040" classname="Validation error when data: keyName = &quot;true&quot;">
    </testcase>
    <testcase name="POST /instance/:instanceId/hash Validation Validation error when data: keyName = &quot;[object Object]&quot;" time="0.0030" classname="Validation error when data: keyName = &quot;[object Object]&quot;">
    </testcase>
    <testcase name="POST /instance/:instanceId/hash Validation Validation error when data: keyName = &quot;some,array&quot;" time="0.0040" classname="Validation error when data: keyName = &quot;some,array&quot;">
    </testcase>
    <testcase name="POST /instance/:instanceId/hash Validation Validation error when data: fields = &quot;undefined&quot;" time="0.0030" classname="Validation error when data: fields = &quot;undefined&quot;">
    </testcase>
    <testcase name="POST /instance/:instanceId/hash Validation Validation error when data: fields = &quot;null&quot;" time="0.0040" classname="Validation error when data: fields = &quot;null&quot;">
    </testcase>
    <testcase name="POST /instance/:instanceId/hash Validation Validation error when data: fields = &quot;somestring&quot;" time="0.0030" classname="Validation error when data: fields = &quot;somestring&quot;">
    </testcase>
    <testcase name="POST /instance/:instanceId/hash Validation Validation error when data: fields = &quot;100&quot;" time="0.0030" classname="Validation error when data: fields = &quot;100&quot;">
    </testcase>
    <testcase name="POST /instance/:instanceId/hash Validation Validation error when data: fields = &quot;100.12&quot;" time="0.0030" classname="Validation error when data: fields = &quot;100.12&quot;">
    </testcase>
    <testcase name="POST /instance/:instanceId/hash Validation Validation error when data: fields = &quot;true&quot;" time="0.0030" classname="Validation error when data: fields = &quot;true&quot;">
    </testcase>
    <testcase name="POST /instance/:instanceId/hash Validation Validation error when data: fields.0 = &quot;null&quot;" time="0.0030" classname="Validation error when data: fields.0 = &quot;null&quot;">
    </testcase>
    <testcase name="POST /instance/:instanceId/hash Validation Validation error when data: fields.0 = &quot;somestring&quot;" time="0.0050" classname="Validation error when data: fields.0 = &quot;somestring&quot;">
    </testcase>
    <testcase name="POST /instance/:instanceId/hash Validation Validation error when data: fields.0 = &quot;100&quot;" time="0.0030" classname="Validation error when data: fields.0 = &quot;100&quot;">
    </testcase>
    <testcase name="POST /instance/:instanceId/hash Validation Validation error when data: fields.0 = &quot;100.12&quot;" time="0.0040" classname="Validation error when data: fields.0 = &quot;100.12&quot;">
    </testcase>
    <testcase name="POST /instance/:instanceId/hash Validation Validation error when data: fields.0 = &quot;true&quot;" time="0.0030" classname="Validation error when data: fields.0 = &quot;true&quot;">
    </testcase>
    <testcase name="POST /instance/:instanceId/hash Validation Validation error when data: fields.0.field = &quot;null&quot;" time="0.0040" classname="Validation error when data: fields.0.field = &quot;null&quot;">
    </testcase>
    <testcase name="POST /instance/:instanceId/hash Validation Validation error when data: fields.0.field = &quot;100&quot;" time="0.0040" classname="Validation error when data: fields.0.field = &quot;100&quot;">
    </testcase>
    <testcase name="POST /instance/:instanceId/hash Validation Validation error when data: fields.0.field = &quot;100.12&quot;" time="0.0040" classname="Validation error when data: fields.0.field = &quot;100.12&quot;">
    </testcase>
    <testcase name="POST /instance/:instanceId/hash Validation Validation error when data: fields.0.field = &quot;true&quot;" time="0.0030" classname="Validation error when data: fields.0.field = &quot;true&quot;">
    </testcase>
    <testcase name="POST /instance/:instanceId/hash Validation Validation error when data: fields.0.field = &quot;[object Object]&quot;" time="0.0040" classname="Validation error when data: fields.0.field = &quot;[object Object]&quot;">
    </testcase>
    <testcase name="POST /instance/:instanceId/hash Validation Validation error when data: fields.0.field = &quot;some,array&quot;" time="0.0030" classname="Validation error when data: fields.0.field = &quot;some,array&quot;">
    </testcase>
    <testcase name="POST /instance/:instanceId/hash Validation Validation error when data: fields.0.value = &quot;null&quot;" time="0.0050" classname="Validation error when data: fields.0.value = &quot;null&quot;">
    </testcase>
    <testcase name="POST /instance/:instanceId/hash Validation Validation error when data: fields.0.value = &quot;100&quot;" time="0.0030" classname="Validation error when data: fields.0.value = &quot;100&quot;">
    </testcase>
    <testcase name="POST /instance/:instanceId/hash Validation Validation error when data: fields.0.value = &quot;100.12&quot;" time="0.0040" classname="Validation error when data: fields.0.value = &quot;100.12&quot;">
    </testcase>
    <testcase name="POST /instance/:instanceId/hash Validation Validation error when data: fields.0.value = &quot;true&quot;" time="0.0040" classname="Validation error when data: fields.0.value = &quot;true&quot;">
    </testcase>
    <testcase name="POST /instance/:instanceId/hash Validation Validation error when data: fields.0.value = &quot;[object Object]&quot;" time="0.0050" classname="Validation error when data: fields.0.value = &quot;[object Object]&quot;">
    </testcase>
    <testcase name="POST /instance/:instanceId/hash Validation Validation error when data: fields.0.value = &quot;some,array&quot;" time="0.0030" classname="Validation error when data: fields.0.value = &quot;some,array&quot;">
    </testcase>
    <testcase name="POST /instance/:instanceId/hash Validation Validation error when data: expire = &quot;stringvalue&quot;" time="0.0030" classname="Validation error when data: expire = &quot;stringvalue&quot;">
    </testcase>
    <testcase name="POST /instance/:instanceId/hash Validation Validation error when data: expire = &quot;true&quot;" time="0.0030" classname="Validation error when data: expire = &quot;true&quot;">
    </testcase>
    <testcase name="POST /instance/:instanceId/hash Validation Validation error when data: expire = &quot;[object Object]&quot;" time="0.0040" classname="Validation error when data: expire = &quot;[object Object]&quot;">
    </testcase>
    <testcase name="POST /instance/:instanceId/hash Validation Validation error when data: expire = &quot;some,array&quot;" time="0.0050" classname="Validation error when data: expire = &quot;some,array&quot;">
    </testcase>
    <testcase name="POST /instance/:instanceId/hash Validation Validation error when data: expire = &quot;11.11&quot;" time="0.0050" classname="Validation error when data: expire = &quot;11.11&quot;">
    </testcase>
    <testcase name="POST /instance/:instanceId/hash Validation Validation error when data: expire = &quot;0&quot;" time="0.0050" classname="Validation error when data: expire = &quot;0&quot;">
    </testcase>
    <testcase name="POST /instance/:instanceId/hash Validation Validation error when data: expire = &quot;2147483648&quot;" time="0.0030" classname="Validation error when data: expire = &quot;2147483648&quot;">
    </testcase>
  </testsuite>
  <testsuite name="Common" timestamp="2022-06-30T06:42:37" tests="5" file="/usr/src/app/test/api/hash/POST-instance-id-hash.test.ts" time="0.0230" failures="0">
    <testcase name="POST /instance/:instanceId/hash Common Should create item with empty value" time="0.0050" classname="Should create item with empty value">
    </testcase>
    <testcase name="POST /instance/:instanceId/hash Common Should create item with key ttl" time="0.0080" classname="Should create item with key ttl">
    </testcase>
    <testcase name="POST /instance/:instanceId/hash Common Should create regular item" time="0.0040" classname="Should create regular item">
    </testcase>
    <testcase name="POST /instance/:instanceId/hash Common Should return conflict error if key already exists" time="0.0030" classname="Should return conflict error if key already exists">
    </testcase>
    <testcase name="POST /instance/:instanceId/hash Common Should return NotFound error if instance id does not exists" time="0.0020" classname="Should return NotFound error if instance id does not exists">
    </testcase>
  </testsuite>
  <testsuite name="ACL" timestamp="2022-06-30T06:42:37" tests="3" file="/usr/src/app/test/api/hash/POST-instance-id-hash.test.ts" time="0.0140" failures="0">
    <testcase name="POST /instance/:instanceId/hash ACL Should create regular item" time="0.0040" classname="Should create regular item">
    </testcase>
    <testcase name="POST /instance/:instanceId/hash ACL Should throw error if no permissions for &quot;hset&quot; command" time="0.0040" classname="Should throw error if no permissions for &quot;hset&quot; command">
    </testcase>
    <testcase name="POST /instance/:instanceId/hash ACL Should throw error if no permissions for &quot;exists&quot; command" time="0.0030" classname="Should throw error if no permissions for &quot;exists&quot; command">
    </testcase>
  </testsuite>
  <testsuite name="PUT /instance/:instanceId/hash" timestamp="2022-06-30T06:42:37" tests="0" file="/usr/src/app/test/api/hash/PUT-instance-id-hash.test.ts" time="0.0000" failures="0">
  </testsuite>
  <testsuite name="Validation" timestamp="2022-06-30T06:42:37" tests="30" file="/usr/src/app/test/api/hash/PUT-instance-id-hash.test.ts" time="0.1250" failures="0">
    <testcase name="PUT /instance/:instanceId/hash Validation Validation error when data: keyName = &quot;undefined&quot;" time="0.0040" classname="Validation error when data: keyName = &quot;undefined&quot;">
    </testcase>
    <testcase name="PUT /instance/:instanceId/hash Validation Validation error when data: keyName = &quot;null&quot;" time="0.0050" classname="Validation error when data: keyName = &quot;null&quot;">
    </testcase>
    <testcase name="PUT /instance/:instanceId/hash Validation Validation error when data: keyName = &quot;100&quot;" time="0.0040" classname="Validation error when data: keyName = &quot;100&quot;">
    </testcase>
    <testcase name="PUT /instance/:instanceId/hash Validation Validation error when data: keyName = &quot;100.12&quot;" time="0.0040" classname="Validation error when data: keyName = &quot;100.12&quot;">
    </testcase>
    <testcase name="PUT /instance/:instanceId/hash Validation Validation error when data: keyName = &quot;true&quot;" time="0.0030" classname="Validation error when data: keyName = &quot;true&quot;">
    </testcase>
    <testcase name="PUT /instance/:instanceId/hash Validation Validation error when data: keyName = &quot;[object Object]&quot;" time="0.0030" classname="Validation error when data: keyName = &quot;[object Object]&quot;">
    </testcase>
    <testcase name="PUT /instance/:instanceId/hash Validation Validation error when data: keyName = &quot;some,array&quot;" time="0.0040" classname="Validation error when data: keyName = &quot;some,array&quot;">
    </testcase>
    <testcase name="PUT /instance/:instanceId/hash Validation Validation error when data: fields = &quot;undefined&quot;" time="0.0030" classname="Validation error when data: fields = &quot;undefined&quot;">
    </testcase>
    <testcase name="PUT /instance/:instanceId/hash Validation Validation error when data: fields = &quot;null&quot;" time="0.0030" classname="Validation error when data: fields = &quot;null&quot;">
    </testcase>
    <testcase name="PUT /instance/:instanceId/hash Validation Validation error when data: fields = &quot;somestring&quot;" time="0.0030" classname="Validation error when data: fields = &quot;somestring&quot;">
    </testcase>
    <testcase name="PUT /instance/:instanceId/hash Validation Validation error when data: fields = &quot;100&quot;" time="0.0040" classname="Validation error when data: fields = &quot;100&quot;">
    </testcase>
    <testcase name="PUT /instance/:instanceId/hash Validation Validation error when data: fields = &quot;100.12&quot;" time="0.0040" classname="Validation error when data: fields = &quot;100.12&quot;">
    </testcase>
    <testcase name="PUT /instance/:instanceId/hash Validation Validation error when data: fields = &quot;true&quot;" time="0.0040" classname="Validation error when data: fields = &quot;true&quot;">
    </testcase>
    <testcase name="PUT /instance/:instanceId/hash Validation Validation error when data: fields.0 = &quot;null&quot;" time="0.0030" classname="Validation error when data: fields.0 = &quot;null&quot;">
    </testcase>
    <testcase name="PUT /instance/:instanceId/hash Validation Validation error when data: fields.0 = &quot;somestring&quot;" time="0.0030" classname="Validation error when data: fields.0 = &quot;somestring&quot;">
    </testcase>
    <testcase name="PUT /instance/:instanceId/hash Validation Validation error when data: fields.0 = &quot;100&quot;" time="0.0030" classname="Validation error when data: fields.0 = &quot;100&quot;">
    </testcase>
    <testcase name="PUT /instance/:instanceId/hash Validation Validation error when data: fields.0 = &quot;100.12&quot;" time="0.0030" classname="Validation error when data: fields.0 = &quot;100.12&quot;">
    </testcase>
    <testcase name="PUT /instance/:instanceId/hash Validation Validation error when data: fields.0 = &quot;true&quot;" time="0.0030" classname="Validation error when data: fields.0 = &quot;true&quot;">
    </testcase>
    <testcase name="PUT /instance/:instanceId/hash Validation Validation error when data: fields.0.field = &quot;null&quot;" time="0.0030" classname="Validation error when data: fields.0.field = &quot;null&quot;">
    </testcase>
    <testcase name="PUT /instance/:instanceId/hash Validation Validation error when data: fields.0.field = &quot;100&quot;" time="0.0040" classname="Validation error when data: fields.0.field = &quot;100&quot;">
    </testcase>
    <testcase name="PUT /instance/:instanceId/hash Validation Validation error when data: fields.0.field = &quot;100.12&quot;" time="0.0030" classname="Validation error when data: fields.0.field = &quot;100.12&quot;">
    </testcase>
    <testcase name="PUT /instance/:instanceId/hash Validation Validation error when data: fields.0.field = &quot;true&quot;" time="0.0030" classname="Validation error when data: fields.0.field = &quot;true&quot;">
    </testcase>
    <testcase name="PUT /instance/:instanceId/hash Validation Validation error when data: fields.0.field = &quot;[object Object]&quot;" time="0.0050" classname="Validation error when data: fields.0.field = &quot;[object Object]&quot;">
    </testcase>
    <testcase name="PUT /instance/:instanceId/hash Validation Validation error when data: fields.0.field = &quot;some,array&quot;" time="0.0050" classname="Validation error when data: fields.0.field = &quot;some,array&quot;">
    </testcase>
    <testcase name="PUT /instance/:instanceId/hash Validation Validation error when data: fields.0.value = &quot;null&quot;" time="0.0040" classname="Validation error when data: fields.0.value = &quot;null&quot;">
    </testcase>
    <testcase name="PUT /instance/:instanceId/hash Validation Validation error when data: fields.0.value = &quot;100&quot;" time="0.0040" classname="Validation error when data: fields.0.value = &quot;100&quot;">
    </testcase>
    <testcase name="PUT /instance/:instanceId/hash Validation Validation error when data: fields.0.value = &quot;100.12&quot;" time="0.0040" classname="Validation error when data: fields.0.value = &quot;100.12&quot;">
    </testcase>
    <testcase name="PUT /instance/:instanceId/hash Validation Validation error when data: fields.0.value = &quot;true&quot;" time="0.0030" classname="Validation error when data: fields.0.value = &quot;true&quot;">
    </testcase>
    <testcase name="PUT /instance/:instanceId/hash Validation Validation error when data: fields.0.value = &quot;[object Object]&quot;" time="0.0020" classname="Validation error when data: fields.0.value = &quot;[object Object]&quot;">
    </testcase>
    <testcase name="PUT /instance/:instanceId/hash Validation Validation error when data: fields.0.value = &quot;some,array&quot;" time="0.0040" classname="Validation error when data: fields.0.value = &quot;some,array&quot;">
    </testcase>
  </testsuite>
  <testsuite name="Common" timestamp="2022-06-30T06:42:38" tests="3" file="/usr/src/app/test/api/hash/PUT-instance-id-hash.test.ts" time="0.0140" failures="0">
    <testcase name="PUT /instance/:instanceId/hash Common Should add new field and edit existing value" time="0.0060" classname="Should add new field and edit existing value">
    </testcase>
    <testcase name="PUT /instance/:instanceId/hash Common Should return NotFound error if key does not exists" time="0.0040" classname="Should return NotFound error if key does not exists">
    </testcase>
    <testcase name="PUT /instance/:instanceId/hash Common Should return NotFound error if instance id does not exists" time="0.0020" classname="Should return NotFound error if instance id does not exists">
    </testcase>
  </testsuite>
  <testsuite name="ACL" timestamp="2022-06-30T06:42:38" tests="3" file="/usr/src/app/test/api/hash/PUT-instance-id-hash.test.ts" time="0.0140" failures="0">
    <testcase name="PUT /instance/:instanceId/hash ACL Should create regular item" time="0.0050" classname="Should create regular item">
    </testcase>
    <testcase name="PUT /instance/:instanceId/hash ACL Should throw error if no permissions for &quot;hset&quot; command" time="0.0040" classname="Should throw error if no permissions for &quot;hset&quot; command">
    </testcase>
    <testcase name="PUT /instance/:instanceId/hash ACL Should throw error if no permissions for &quot;exists&quot; command" time="0.0040" classname="Should throw error if no permissions for &quot;exists&quot; command">
    </testcase>
  </testsuite>
  <testsuite name="GET /info/cli-blocking-commands" timestamp="2022-06-30T06:42:38" tests="1" file="/usr/src/app/test/api/info/GET-info-cli-blocking-commands.test.ts" time="0.0020" failures="0">
    <testcase name="GET /info/cli-blocking-commands Should return array with blocking Redis commands" time="0.0010" classname="Should return array with blocking Redis commands">
    </testcase>
  </testsuite>
  <testsuite name="GET /info/cli-unsupported-commands" timestamp="2022-06-30T06:42:38" tests="1" file="/usr/src/app/test/api/info/GET-info-cli-unsupported-commands.test.ts" time="0.0020" failures="0">
    <testcase name="GET /info/cli-unsupported-commands Should return array with unsupported commands for CLI tool" time="0.0020" classname="Should return array with unsupported commands for CLI tool">
    </testcase>
  </testsuite>
  <testsuite name="GET /info" timestamp="2022-06-30T06:42:38" tests="1" file="/usr/src/app/test/api/info/GET-info.test.ts" time="0.0060" failures="0">
    <testcase name="GET /info Should return server info" time="0.0050" classname="Should return server info">
    </testcase>
  </testsuite>
  <testsuite name="DELETE /instance/:id" timestamp="2022-06-30T06:42:38" tests="0" file="/usr/src/app/test/api/instance/DELETE-instance-id.test.ts" time="0.0000" failures="0">
  </testsuite>
  <testsuite name="Common" timestamp="2022-06-30T06:42:38" tests="2" file="/usr/src/app/test/api/instance/DELETE-instance-id.test.ts" time="0.0350" failures="0">
    <testcase name="DELETE /instance/:id Common Should remove single database" time="0.0300" classname="Should remove single database">
    </testcase>
    <testcase name="DELETE /instance/:id Common Should return Not Found Error" time="0.0040" classname="Should return Not Found Error">
    </testcase>
  </testsuite>
  <testsuite name="DELETE /instance" timestamp="2022-06-30T06:42:38" tests="0" file="/usr/src/app/test/api/instance/DELETE-instance.test.ts" time="0.0000" failures="0">
  </testsuite>
  <testsuite name="Validation" timestamp="2022-06-30T06:42:38" tests="6" file="/usr/src/app/test/api/instance/DELETE-instance.test.ts" time="0.0170" failures="0">
    <testcase name="DELETE /instance Validation Validation error when data: ids = &quot;undefined&quot;" time="0.0030" classname="Validation error when data: ids = &quot;undefined&quot;">
    </testcase>
    <testcase name="DELETE /instance Validation Validation error when data: ids = &quot;null&quot;" time="0.0020" classname="Validation error when data: ids = &quot;null&quot;">
    </testcase>
    <testcase name="DELETE /instance Validation Validation error when data: ids = &quot;somestring&quot;" time="0.0020" classname="Validation error when data: ids = &quot;somestring&quot;">
    </testcase>
    <testcase name="DELETE /instance Validation Validation error when data: ids = &quot;100&quot;" time="0.0020" classname="Validation error when data: ids = &quot;100&quot;">
    </testcase>
    <testcase name="DELETE /instance Validation Validation error when data: ids = &quot;100.12&quot;" time="0.0020" classname="Validation error when data: ids = &quot;100.12&quot;">
    </testcase>
    <testcase name="DELETE /instance Validation Validation error when data: ids = &quot;true&quot;" time="0.0020" classname="Validation error when data: ids = &quot;true&quot;">
    </testcase>
  </testsuite>
  <testsuite name="Common" timestamp="2022-06-30T06:42:38" tests="2" file="/usr/src/app/test/api/instance/DELETE-instance.test.ts" time="0.0410" failures="0">
    <testcase name="DELETE /instance Common Should remove multiple databases by ids" time="0.0350" classname="Should remove multiple databases by ids">
    </testcase>
    <testcase name="DELETE /instance Common Should return affected 0 since no databases found" time="0.0050" classname="Should return affected 0 since no databases found">
    </testcase>
  </testsuite>
  <testsuite name="GET /instance/:instanceId/connect" timestamp="2022-06-30T06:42:38" tests="3" file="/usr/src/app/test/api/instance/GET-instance-id-connect.test.ts" time="5.0890" failures="0">
    <testcase name="GET /instance/:instanceId/connect Should connect to a database" time="0.0290" classname="Should connect to a database">
    </testcase>
    <testcase name="GET /instance/:instanceId/connect Should not connect to a database due to misconfiguration" time="5.0110" classname="Should not connect to a database due to misconfiguration">
    </testcase>
    <testcase name="GET /instance/:instanceId/connect Should return NotFound error if instance id does not exists" time="0.0020" classname="Should return NotFound error if instance id does not exists">
    </testcase>
  </testsuite>
  <testsuite name="GET /instance/:instanceId/info" timestamp="2022-06-30T06:42:43" tests="3" file="/usr/src/app/test/api/instance/GET-instance-id-info.test.ts" time="5.0220" failures="0">
    <testcase name="GET /instance/:instanceId/info Should connect to a database" time="0.0040" classname="Should connect to a database">
    </testcase>
    <testcase name="GET /instance/:instanceId/info Should not connect to a database due to misconfiguration" time="5.0090" classname="Should not connect to a database due to misconfiguration">
    </testcase>
    <testcase name="GET /instance/:instanceId/info Should return NotFound error if instance id does not exists" time="0.0030" classname="Should return NotFound error if instance id does not exists">
    </testcase>
  </testsuite>
  <testsuite name="GET /instance/:instanceId/overview" timestamp="2022-06-30T06:42:48" tests="3" file="/usr/src/app/test/api/instance/GET-instance-id-overview.test.ts" time="0.0000" failures="0">
    <testcase name="GET /instance/:instanceId/overview Should get database overview" time="0.0050" classname="Should get database overview">
    </testcase>
    <testcase name="GET /instance/:instanceId/overview Should not connect to a database due to misconfiguration" time="5.0140" classname="Should not connect to a database due to misconfiguration">
    </testcase>
    <testcase name="GET /instance/:instanceId/overview Should return NotFound error if instance id does not exists" time="0.0160" classname="Should return NotFound error if instance id does not exists">
    </testcase>
  </testsuite>
  <testsuite name="Enterprise" timestamp="2022-06-30T06:42:53" tests="1" file="/usr/src/app/test/api/instance/GET-instance-id-overview.test.ts" time="0.0010" failures="0">
  </testsuite>
  <testsuite name="GET /instance" timestamp="2022-06-30T06:42:53" tests="1" file="/usr/src/app/test/api/instance/GET-instance.test.ts" time="0.4830" failures="0">
    <testcase name="GET /instance Should get instances list" time="0.0070" classname="Should get instances list">
    </testcase>
  </testsuite>
  <testsuite name="PATCH /instance/:id/name" timestamp="2022-06-30T06:42:53" tests="0" file="/usr/src/app/test/api/instance/PATCH-instance-id-name.test.ts" time="0.0000" failures="0">
  </testsuite>
  <testsuite name="Validation" timestamp="2022-06-30T06:42:53" tests="8" file="/usr/src/app/test/api/instance/PATCH-instance-id-name.test.ts" time="0.0270" failures="0">
    <testcase name="PATCH /instance/:id/name Validation Validation error when data: newName = &quot;undefined&quot;" time="0.0030" classname="Validation error when data: newName = &quot;undefined&quot;">
    </testcase>
    <testcase name="PATCH /instance/:id/name Validation Validation error when data: newName = &quot;null&quot;" time="0.0030" classname="Validation error when data: newName = &quot;null&quot;">
    </testcase>
    <testcase name="PATCH /instance/:id/name Validation Validation error when data: newName = &quot;100&quot;" time="0.0030" classname="Validation error when data: newName = &quot;100&quot;">
    </testcase>
    <testcase name="PATCH /instance/:id/name Validation Validation error when data: newName = &quot;100.12&quot;" time="0.0030" classname="Validation error when data: newName = &quot;100.12&quot;">
    </testcase>
    <testcase name="PATCH /instance/:id/name Validation Validation error when data: newName = &quot;true&quot;" time="0.0020" classname="Validation error when data: newName = &quot;true&quot;">
    </testcase>
    <testcase name="PATCH /instance/:id/name Validation Validation error when data: newName = &quot;[object Object]&quot;" time="0.0020" classname="Validation error when data: newName = &quot;[object Object]&quot;">
    </testcase>
    <testcase name="PATCH /instance/:id/name Validation Validation error when data: newName = &quot;some,array&quot;" time="0.0040" classname="Validation error when data: newName = &quot;some,array&quot;">
    </testcase>
    <testcase name="PATCH /instance/:id/name Validation Validation error when data: newName = &quot;aaaaaaaaaaaaaaaaaaaaaaaaaaaaaaaaaaaaaaaaaaaaaaaaaaaaaaaaaaaaaaaaaaaaaaaaaaaaaaaaaaaaaaaaaaaaaaaaaaaaaaaaaaaaaaaaaaaaaaaaaaaaaaaaaaaaaaaaaaaaaaaaaaaaaaaaaaaaaaaaaaaaaaaaaaaaaaaaaaaaaaaaaaaaaaaaaaaaaaaaaaaaaaaaaaaaaaaaaaaaaaaaaaaaaaaaaaaaaaaaaaaaaaaaaaaaaaaaaaaaaaaaaaaaaaaaaaaaaaaaaaaaaaaaaaaaaaaaaaaaaaaaaaaaaaaaaaaaaaaaaaaaaaaaaaaaaaaaaaaaaaaaaaaaaaaaaaaaaaaaaaaaaaaaaaaaaaaaaaaaaaaaaaaaaaaaaaaaaaaaaaaaaaaaaaaaaaaaaaaaaaaaaaaaaaaaaaaaaaaaaaaaaaaaaaaaaaaaaaaaaaaaaaaaaaaaaaaaaaaaaaaaaaaaaaaaaaaaaaaaa&quot;" time="0.0030" classname="Validation error when data: newName = &quot;aaaaaaaaaaaaaaaaaaaaaaaaaaaaaaaaaaaaaaaaaaaaaaaaaaaaaaaaaaaaaaaaaaaaaaaaaaaaaaaaaaaaaaaaaaaaaaaaaaaaaaaaaaaaaaaaaaaaaaaaaaaaaaaaaaaaaaaaaaaaaaaaaaaaaaaaaaaaaaaaaaaaaaaaaaaaaaaaaaaaaaaaaaaaaaaaaaaaaaaaaaaaaaaaaaaaaaaaaaaaaaaaaaaaaaaaaaaaaaaaaaaaaaaaaaaaaaaaaaaaaaaaaaaaaaaaaaaaaaaaaaaaaaaaaaaaaaaaaaaaaaaaaaaaaaaaaaaaaaaaaaaaaaaaaaaaaaaaaaaaaaaaaaaaaaaaaaaaaaaaaaaaaaaaaaaaaaaaaaaaaaaaaaaaaaaaaaaaaaaaaaaaaaaaaaaaaaaaaaaaaaaaaaaaaaaaaaaaaaaaaaaaaaaaaaaaaaaaaaaaaaaaaaaaaaaaaaaaaaaaaaaaaaaaaaaaaaaaaaaaa&quot;">
    </testcase>
  </testsuite>
  <testsuite name="Common" timestamp="2022-06-30T06:42:53" tests="2" file="/usr/src/app/test/api/instance/PATCH-instance-id-name.test.ts" time="0.0330" failures="0">
    <testcase name="PATCH /instance/:id/name Common Should change name for existing database" time="0.0270" classname="Should change name for existing database">
    </testcase>
    <testcase name="PATCH /instance/:id/name Common Should return Not Found Error" time="0.0060" classname="Should return Not Found Error">
    </testcase>
  </testsuite>
  <testsuite name="POST /instance/sentinel-masters" timestamp="2022-06-30T06:42:53" tests="0" file="/usr/src/app/test/api/instance/POST-instance-sentinel_masters.test.ts" time="0.0000" failures="0">
  </testsuite>
  <testsuite name="Common" timestamp="2022-06-30T06:42:53" tests="3" file="/usr/src/app/test/api/instance/POST-instance-sentinel_masters.test.ts" time="0.0010" failures="0">
  </testsuite>
  <testsuite name="POST /instance" timestamp="2022-06-30T06:42:53" tests="0" file="/usr/src/app/test/api/instance/POST-instance.test.ts" time="0.0000" failures="0">
  </testsuite>
  <testsuite name="STANDALONE" timestamp="2022-06-30T06:42:53" tests="0" file="/usr/src/app/test/api/instance/POST-instance.test.ts" time="0.0000" failures="0">
  </testsuite>
  <testsuite name="Create standalone instance without pass" timestamp="2022-06-30T06:42:53" tests="1" file="/usr/src/app/test/api/instance/POST-instance.test.ts" time="0.0000" failures="0">
    <testcase name="POST /instance STANDALONE Create standalone instance without pass Create standalone without pass" time="4.9670" classname="Create standalone without pass">
    </testcase>
  </testsuite>
  <testsuite name="Enterprise" timestamp="2022-06-30T06:42:58" tests="1" file="/usr/src/app/test/api/instance/POST-instance.test.ts" time="0.0000" failures="0">
  </testsuite>
  <testsuite name="Oss" timestamp="2022-06-30T06:42:58" tests="1" file="/usr/src/app/test/api/instance/POST-instance.test.ts" time="0.0690" failures="0">
    <testcase name="POST /instance STANDALONE Create standalone instance without pass Oss Create standalone with particular db index" time="0.0690" classname="Create standalone with particular db index">
    </testcase>
  </testsuite>
  <testsuite name="Create standalone instance with password" timestamp="2022-06-30T06:42:59" tests="1" file="/usr/src/app/test/api/instance/POST-instance.test.ts" time="0.0000" failures="0">
  </testsuite>
  <testsuite name="Create standalone instance tls" timestamp="2022-06-30T06:42:59" tests="4" file="/usr/src/app/test/api/instance/POST-instance.test.ts" time="0.0010" failures="0">
  </testsuite>
  <testsuite name="Create standalone instance tls with certificate auth" timestamp="2022-06-30T06:42:59" tests="4" file="/usr/src/app/test/api/instance/POST-instance.test.ts" time="0.0020" failures="0">
  </testsuite>
  <testsuite name="CLUSTER" timestamp="2022-06-30T06:42:59" tests="0" file="/usr/src/app/test/api/instance/POST-instance.test.ts" time="0.0000" failures="0">
  </testsuite>
  <testsuite name="Create cluster instance without pass" timestamp="2022-06-30T06:42:59" tests="2" file="/usr/src/app/test/api/instance/POST-instance.test.ts" time="0.0010" failures="0">
  </testsuite>
  <testsuite name="TLS CA" timestamp="2022-06-30T06:42:59" tests="2" file="/usr/src/app/test/api/instance/POST-instance.test.ts" time="0.0000" failures="0">
  </testsuite>
  <testsuite name="SENTINEL" timestamp="2022-06-30T06:42:59" tests="1" file="/usr/src/app/test/api/instance/POST-instance.test.ts" time="0.0000" failures="0">
  </testsuite>
  <testsuite name="PUT /instance/:id" timestamp="2022-06-30T06:42:59" tests="0" file="/usr/src/app/test/api/instance/PUT-instance-id.test.ts" time="0.0000" failures="0">
  </testsuite>
  <testsuite name="Validation" timestamp="2022-06-30T06:42:59" tests="20" file="/usr/src/app/test/api/instance/PUT-instance-id.test.ts" time="0.0700" failures="0">
    <testcase name="PUT /instance/:id Validation Validation error when data: name = &quot;undefined&quot;" time="0.0030" classname="Validation error when data: name = &quot;undefined&quot;">
    </testcase>
    <testcase name="PUT /instance/:id Validation Validation error when data: name = &quot;null&quot;" time="0.0020" classname="Validation error when data: name = &quot;null&quot;">
    </testcase>
    <testcase name="PUT /instance/:id Validation Validation error when data: name = &quot;100&quot;" time="0.0030" classname="Validation error when data: name = &quot;100&quot;">
    </testcase>
    <testcase name="PUT /instance/:id Validation Validation error when data: name = &quot;100.12&quot;" time="0.0020" classname="Validation error when data: name = &quot;100.12&quot;">
    </testcase>
    <testcase name="PUT /instance/:id Validation Validation error when data: name = &quot;true&quot;" time="0.0050" classname="Validation error when data: name = &quot;true&quot;">
    </testcase>
    <testcase name="PUT /instance/:id Validation Validation error when data: name = &quot;[object Object]&quot;" time="0.0030" classname="Validation error when data: name = &quot;[object Object]&quot;">
    </testcase>
    <testcase name="PUT /instance/:id Validation Validation error when data: name = &quot;some,array&quot;" time="0.0030" classname="Validation error when data: name = &quot;some,array&quot;">
    </testcase>
    <testcase name="PUT /instance/:id Validation Validation error when data: host = &quot;undefined&quot;" time="0.0030" classname="Validation error when data: host = &quot;undefined&quot;">
    </testcase>
    <testcase name="PUT /instance/:id Validation Validation error when data: host = &quot;null&quot;" time="0.0030" classname="Validation error when data: host = &quot;null&quot;">
    </testcase>
    <testcase name="PUT /instance/:id Validation Validation error when data: host = &quot;100&quot;" time="0.0030" classname="Validation error when data: host = &quot;100&quot;">
    </testcase>
    <testcase name="PUT /instance/:id Validation Validation error when data: host = &quot;100.12&quot;" time="0.0030" classname="Validation error when data: host = &quot;100.12&quot;">
    </testcase>
    <testcase name="PUT /instance/:id Validation Validation error when data: host = &quot;true&quot;" time="0.0030" classname="Validation error when data: host = &quot;true&quot;">
    </testcase>
    <testcase name="PUT /instance/:id Validation Validation error when data: host = &quot;[object Object]&quot;" time="0.0020" classname="Validation error when data: host = &quot;[object Object]&quot;">
    </testcase>
    <testcase name="PUT /instance/:id Validation Validation error when data: host = &quot;some,array&quot;" time="0.0030" classname="Validation error when data: host = &quot;some,array&quot;">
    </testcase>
    <testcase name="PUT /instance/:id Validation Validation error when data: port = &quot;undefined&quot;" time="0.0030" classname="Validation error when data: port = &quot;undefined&quot;">
    </testcase>
    <testcase name="PUT /instance/:id Validation Validation error when data: port = &quot;null&quot;" time="0.0030" classname="Validation error when data: port = &quot;null&quot;">
    </testcase>
    <testcase name="PUT /instance/:id Validation Validation error when data: port = &quot;stringvalue&quot;" time="0.0030" classname="Validation error when data: port = &quot;stringvalue&quot;">
    </testcase>
    <testcase name="PUT /instance/:id Validation Validation error when data: port = &quot;[object Object]&quot;" time="0.0030" classname="Validation error when data: port = &quot;[object Object]&quot;">
    </testcase>
    <testcase name="PUT /instance/:id Validation Validation error when data: port = &quot;some,array&quot;" time="0.0030" classname="Validation error when data: port = &quot;some,array&quot;">
    </testcase>
    <testcase name="PUT /instance/:id Validation Validation error when data: port = &quot;11.11&quot;" time="0.0030" classname="Validation error when data: port = &quot;11.11&quot;">
    </testcase>
  </testsuite>
  <testsuite name="Common" timestamp="2022-06-30T06:42:59" tests="3" file="/usr/src/app/test/api/instance/PUT-instance-id.test.ts" time="0.0490" failures="0">
    <testcase name="PUT /instance/:id Common Should change data for existing database" time="0.0330" classname="Should change data for existing database">
    </testcase>
    <testcase name="PUT /instance/:id Common Should return 503 error if incorrect connection data provided" time="0.0090" classname="Should return 503 error if incorrect connection data provided">
    </testcase>
    <testcase name="PUT /instance/:id Common Should return Not Found Error" time="0.0060" classname="Should return Not Found Error">
    </testcase>
  </testsuite>
  <testsuite name="DELETE /instance/:instanceId/keys" timestamp="2022-06-30T06:42:59" tests="0" file="/usr/src/app/test/api/keys/DELETE-instance-id-keys.test.ts" time="0.0000" failures="0">
  </testsuite>
  <testsuite name="Validation" timestamp="2022-06-30T06:42:59" tests="12" file="/usr/src/app/test/api/keys/DELETE-instance-id-keys.test.ts" time="0.0000" failures="0">
  </testsuite>
  <testsuite name="Common" timestamp="2022-06-30T06:42:59" tests="7" file="/usr/src/app/test/api/keys/DELETE-instance-id-keys.test.ts" time="0.0000" failures="0">
    <testcase name="DELETE /instance/:instanceId/keys Common Should remove string" time="0.0040" classname="Should remove string">
    </testcase>
    <testcase name="DELETE /instance/:instanceId/keys Common Should remove list" time="0.0030" classname="Should remove list">
    </testcase>
    <testcase name="DELETE /instance/:instanceId/keys Common Should remove set" time="0.0030" classname="Should remove set">
    </testcase>
    <testcase name="DELETE /instance/:instanceId/keys Common Should remove zset" time="0.0030" classname="Should remove zset">
    </testcase>
    <testcase name="DELETE /instance/:instanceId/keys Common Should remove hash" time="0.0030" classname="Should remove hash">
    </testcase>
    <testcase name="DELETE /instance/:instanceId/keys Common Should remove multiple keys" time="0.0290" classname="Should remove multiple keys">
    </testcase>
    <testcase name="DELETE /instance/:instanceId/keys Common Should return NotFound error for not existing error" time="0.0040" classname="Should return NotFound error for not existing error">
    </testcase>
  </testsuite>
  <testsuite name="ReJSON-RL" timestamp="2022-06-30T06:42:59" tests="1" file="/usr/src/app/test/api/keys/DELETE-instance-id-keys.test.ts" time="0.0050" failures="0">
    <testcase name="DELETE /instance/:instanceId/keys Common ReJSON-RL Should remove ReJSON" time="0.0040" classname="Should remove ReJSON">
    </testcase>
  </testsuite>
  <testsuite name="ACL" timestamp="2022-06-30T06:42:59" tests="2" file="/usr/src/app/test/api/keys/DELETE-instance-id-keys.test.ts" time="0.0340" failures="0">
    <testcase name="DELETE /instance/:instanceId/keys ACL Should remove key" time="0.0030" classname="Should remove key">
    </testcase>
    <testcase name="DELETE /instance/:instanceId/keys ACL Should throw error if no permissions for &quot;del&quot; command" time="0.0070" classname="Should throw error if no permissions for &quot;del&quot; command">
    </testcase>
  </testsuite>
  <testsuite name="GET /instance/:instanceId/keys" timestamp="2022-06-30T06:42:59" tests="0" file="/usr/src/app/test/api/keys/GET-instance-id-keys.test.ts" time="0.0000" failures="0">
  </testsuite>
  <testsuite name="Sandbox rte" timestamp="2022-06-30T06:42:59" tests="0" file="/usr/src/app/test/api/keys/GET-instance-id-keys.test.ts" time="0.0000" failures="0">
  </testsuite>
  <testsuite name="Search (standalone + cluster)" timestamp="2022-06-30T06:42:59" tests="12" file="/usr/src/app/test/api/keys/GET-instance-id-keys.test.ts" time="0.1640" failures="0">
    <testcase name="GET /instance/:instanceId/keys Sandbox rte Search (standalone + cluster) Should find key by exact name" time="0.0120" classname="Should find key by exact name">
    </testcase>
    <testcase name="GET /instance/:instanceId/keys Sandbox rte Search (standalone + cluster) Should not find key by exact name" time="0.0050" classname="Should not find key by exact name">
    </testcase>
    <testcase name="GET /instance/:instanceId/keys Sandbox rte Search (standalone + cluster) Should prevent full scan in one request" time="0.0470" classname="Should prevent full scan in one request">
    </testcase>
    <testcase name="GET /instance/:instanceId/keys Sandbox rte Search (standalone + cluster) Should search by with * in the end" time="0.0110" classname="Should search by with * in the end">
    </testcase>
    <testcase name="GET /instance/:instanceId/keys Sandbox rte Search (standalone + cluster) Should search by with * in the beginning" time="0.0130" classname="Should search by with * in the beginning">
    </testcase>
    <testcase name="GET /instance/:instanceId/keys Sandbox rte Search (standalone + cluster) Should search by with * in the middle" time="0.0080" classname="Should search by with * in the middle">
    </testcase>
[...]
    </testcase>
    <testcase name="POST /instance/:instanceId/zSet/search ACL Should throw error if no permissions for &quot;zscore&quot; command" time="0.0040" classname="Should throw error if no permissions for &quot;zscore&quot; command">
    </testcase>
  </testsuite>
  <testsuite name="POST /instance/:instanceId/zSet" timestamp="2022-06-30T06:44:15" tests="0" file="/usr/src/app/test/api/z-set/POST-instance-id-zSet.test.ts" time="0.0000" failures="0">
  </testsuite>
  <testsuite name="Validation" timestamp="2022-06-30T06:44:15" tests="36" file="/usr/src/app/test/api/z-set/POST-instance-id-zSet.test.ts" time="0.1370" failures="0">
    <testcase name="POST /instance/:instanceId/zSet Validation Validation error when data: keyName = &quot;undefined&quot;" time="0.0030" classname="Validation error when data: keyName = &quot;undefined&quot;">
    </testcase>
    <testcase name="POST /instance/:instanceId/zSet Validation Validation error when data: keyName = &quot;null&quot;" time="0.0020" classname="Validation error when data: keyName = &quot;null&quot;">
    </testcase>
    <testcase name="POST /instance/:instanceId/zSet Validation Validation error when data: keyName = &quot;100&quot;" time="0.0050" classname="Validation error when data: keyName = &quot;100&quot;">
    </testcase>
    <testcase name="POST /instance/:instanceId/zSet Validation Validation error when data: keyName = &quot;100.12&quot;" time="0.0040" classname="Validation error when data: keyName = &quot;100.12&quot;">
    </testcase>
    <testcase name="POST /instance/:instanceId/zSet Validation Validation error when data: keyName = &quot;true&quot;" time="0.0020" classname="Validation error when data: keyName = &quot;true&quot;">
    </testcase>
    <testcase name="POST /instance/:instanceId/zSet Validation Validation error when data: keyName = &quot;[object Object]&quot;" time="0.0030" classname="Validation error when data: keyName = &quot;[object Object]&quot;">
    </testcase>
    <testcase name="POST /instance/:instanceId/zSet Validation Validation error when data: keyName = &quot;some,array&quot;" time="0.0030" classname="Validation error when data: keyName = &quot;some,array&quot;">
    </testcase>
    <testcase name="POST /instance/:instanceId/zSet Validation Validation error when data: members = &quot;null&quot;" time="0.0030" classname="Validation error when data: members = &quot;null&quot;">
    </testcase>
    <testcase name="POST /instance/:instanceId/zSet Validation Validation error when data: members = &quot;somestring&quot;" time="0.0050" classname="Validation error when data: members = &quot;somestring&quot;">
    </testcase>
    <testcase name="POST /instance/:instanceId/zSet Validation Validation error when data: members = &quot;100&quot;" time="0.0030" classname="Validation error when data: members = &quot;100&quot;">
    </testcase>
    <testcase name="POST /instance/:instanceId/zSet Validation Validation error when data: members = &quot;100.12&quot;" time="0.0040" classname="Validation error when data: members = &quot;100.12&quot;">
    </testcase>
    <testcase name="POST /instance/:instanceId/zSet Validation Validation error when data: members = &quot;true&quot;" time="0.0030" classname="Validation error when data: members = &quot;true&quot;">
    </testcase>
    <testcase name="POST /instance/:instanceId/zSet Validation Validation error when data: members.0 = &quot;null&quot;" time="0.0030" classname="Validation error when data: members.0 = &quot;null&quot;">
    </testcase>
    <testcase name="POST /instance/:instanceId/zSet Validation Validation error when data: members.0 = &quot;somestring&quot;" time="0.0020" classname="Validation error when data: members.0 = &quot;somestring&quot;">
    </testcase>
    <testcase name="POST /instance/:instanceId/zSet Validation Validation error when data: members.0 = &quot;100&quot;" time="0.0030" classname="Validation error when data: members.0 = &quot;100&quot;">
    </testcase>
    <testcase name="POST /instance/:instanceId/zSet Validation Validation error when data: members.0 = &quot;100.12&quot;" time="0.0040" classname="Validation error when data: members.0 = &quot;100.12&quot;">
    </testcase>
    <testcase name="POST /instance/:instanceId/zSet Validation Validation error when data: members.0 = &quot;true&quot;" time="0.0030" classname="Validation error when data: members.0 = &quot;true&quot;">
    </testcase>
    <testcase name="POST /instance/:instanceId/zSet Validation Validation error when data: members.0.name = &quot;undefined&quot;" time="0.0030" classname="Validation error when data: members.0.name = &quot;undefined&quot;">
    </testcase>
    <testcase name="POST /instance/:instanceId/zSet Validation Validation error when data: members.0.name = &quot;null&quot;" time="0.0030" classname="Validation error when data: members.0.name = &quot;null&quot;">
    </testcase>
    <testcase name="POST /instance/:instanceId/zSet Validation Validation error when data: members.0.name = &quot;100&quot;" time="0.0040" classname="Validation error when data: members.0.name = &quot;100&quot;">
    </testcase>
    <testcase name="POST /instance/:instanceId/zSet Validation Validation error when data: members.0.name = &quot;100.12&quot;" time="0.0030" classname="Validation error when data: members.0.name = &quot;100.12&quot;">
    </testcase>
    <testcase name="POST /instance/:instanceId/zSet Validation Validation error when data: members.0.name = &quot;true&quot;" time="0.0030" classname="Validation error when data: members.0.name = &quot;true&quot;">
    </testcase>
    <testcase name="POST /instance/:instanceId/zSet Validation Validation error when data: members.0.name = &quot;[object Object]&quot;" time="0.0030" classname="Validation error when data: members.0.name = &quot;[object Object]&quot;">
    </testcase>
    <testcase name="POST /instance/:instanceId/zSet Validation Validation error when data: members.0.name = &quot;some,array&quot;" time="0.0030" classname="Validation error when data: members.0.name = &quot;some,array&quot;">
    </testcase>
    <testcase name="POST /instance/:instanceId/zSet Validation Validation error when data: members.0.score = &quot;undefined&quot;" time="0.0040" classname="Validation error when data: members.0.score = &quot;undefined&quot;">
    </testcase>
    <testcase name="POST /instance/:instanceId/zSet Validation Validation error when data: members.0.score = &quot;null&quot;" time="0.0030" classname="Validation error when data: members.0.score = &quot;null&quot;">
    </testcase>
    <testcase name="POST /instance/:instanceId/zSet Validation Validation error when data: members.0.score = &quot;stringvalue&quot;" time="0.0020" classname="Validation error when data: members.0.score = &quot;stringvalue&quot;">
    </testcase>
    <testcase name="POST /instance/:instanceId/zSet Validation Validation error when data: members.0.score = &quot;[object Object]&quot;" time="0.0050" classname="Validation error when data: members.0.score = &quot;[object Object]&quot;">
    </testcase>
    <testcase name="POST /instance/:instanceId/zSet Validation Validation error when data: members.0.score = &quot;some,array&quot;" time="0.0030" classname="Validation error when data: members.0.score = &quot;some,array&quot;">
    </testcase>
    <testcase name="POST /instance/:instanceId/zSet Validation Validation error when data: expire = &quot;stringvalue&quot;" time="0.0050" classname="Validation error when data: expire = &quot;stringvalue&quot;">
    </testcase>
    <testcase name="POST /instance/:instanceId/zSet Validation Validation error when data: expire = &quot;true&quot;" time="0.0040" classname="Validation error when data: expire = &quot;true&quot;">
    </testcase>
    <testcase name="POST /instance/:instanceId/zSet Validation Validation error when data: expire = &quot;[object Object]&quot;" time="0.0040" classname="Validation error when data: expire = &quot;[object Object]&quot;">
    </testcase>
    <testcase name="POST /instance/:instanceId/zSet Validation Validation error when data: expire = &quot;some,array&quot;" time="0.0040" classname="Validation error when data: expire = &quot;some,array&quot;">
    </testcase>
    <testcase name="POST /instance/:instanceId/zSet Validation Validation error when data: expire = &quot;11.11&quot;" time="0.0030" classname="Validation error when data: expire = &quot;11.11&quot;">
    </testcase>
    <testcase name="POST /instance/:instanceId/zSet Validation Validation error when data: expire = &quot;0&quot;" time="0.0030" classname="Validation error when data: expire = &quot;0&quot;">
    </testcase>
    <testcase name="POST /instance/:instanceId/zSet Validation Validation error when data: expire = &quot;2147483648&quot;" time="0.0030" classname="Validation error when data: expire = &quot;2147483648&quot;">
    </testcase>
  </testsuite>
  <testsuite name="Common" timestamp="2022-06-30T06:44:15" tests="5" file="/usr/src/app/test/api/z-set/POST-instance-id-zSet.test.ts" time="0.0230" failures="0">
    <testcase name="POST /instance/:instanceId/zSet Common Should create item with empty value" time="0.0050" classname="Should create item with empty value">
    </testcase>
    <testcase name="POST /instance/:instanceId/zSet Common Should create item with key ttl" time="0.0060" classname="Should create item with key ttl">
    </testcase>
    <testcase name="POST /instance/:instanceId/zSet Common Should create regular item" time="0.0040" classname="Should create regular item">
    </testcase>
    <testcase name="POST /instance/:instanceId/zSet Common Should return conflict error if key already exists" time="0.0040" classname="Should return conflict error if key already exists">
    </testcase>
    <testcase name="POST /instance/:instanceId/zSet Common Should return NotFound error if instance id does not exists" time="0.0030" classname="Should return NotFound error if instance id does not exists">
    </testcase>
  </testsuite>
  <testsuite name="ACL" timestamp="2022-06-30T06:44:15" tests="3" file="/usr/src/app/test/api/z-set/POST-instance-id-zSet.test.ts" time="0.0120" failures="0">
    <testcase name="POST /instance/:instanceId/zSet ACL Should create regular item" time="0.0040" classname="Should create regular item">
    </testcase>
    <testcase name="POST /instance/:instanceId/zSet ACL Should throw error if no permissions for &quot;zadd&quot; command" time="0.0030" classname="Should throw error if no permissions for &quot;zadd&quot; command">
    </testcase>
    <testcase name="POST /instance/:instanceId/zSet ACL Should throw error if no permissions for &quot;exists&quot; command" time="0.0040" classname="Should throw error if no permissions for &quot;exists&quot; command">
    </testcase>
  </testsuite>
  <testsuite name="PUT /instance/:instanceId/zSet" timestamp="2022-06-30T06:44:15" tests="0" file="/usr/src/app/test/api/z-set/PUT-instance-id-zSet.test.ts" time="0.0000" failures="0">
  </testsuite>
  <testsuite name="Validation" timestamp="2022-06-30T06:44:15" tests="29" file="/usr/src/app/test/api/z-set/PUT-instance-id-zSet.test.ts" time="0.1160" failures="0">
    <testcase name="PUT /instance/:instanceId/zSet Validation Validation error when data: keyName = &quot;undefined&quot;" time="0.0050" classname="Validation error when data: keyName = &quot;undefined&quot;">
    </testcase>
    <testcase name="PUT /instance/:instanceId/zSet Validation Validation error when data: keyName = &quot;null&quot;" time="0.0020" classname="Validation error when data: keyName = &quot;null&quot;">
    </testcase>
    <testcase name="PUT /instance/:instanceId/zSet Validation Validation error when data: keyName = &quot;100&quot;" time="0.0170" classname="Validation error when data: keyName = &quot;100&quot;">
    </testcase>
    <testcase name="PUT /instance/:instanceId/zSet Validation Validation error when data: keyName = &quot;100.12&quot;" time="0.0030" classname="Validation error when data: keyName = &quot;100.12&quot;">
    </testcase>
    <testcase name="PUT /instance/:instanceId/zSet Validation Validation error when data: keyName = &quot;true&quot;" time="0.0030" classname="Validation error when data: keyName = &quot;true&quot;">
    </testcase>
    <testcase name="PUT /instance/:instanceId/zSet Validation Validation error when data: keyName = &quot;[object Object]&quot;" time="0.0030" classname="Validation error when data: keyName = &quot;[object Object]&quot;">
    </testcase>
    <testcase name="PUT /instance/:instanceId/zSet Validation Validation error when data: keyName = &quot;some,array&quot;" time="0.0030" classname="Validation error when data: keyName = &quot;some,array&quot;">
    </testcase>
    <testcase name="PUT /instance/:instanceId/zSet Validation Validation error when data: members = &quot;null&quot;" time="0.0030" classname="Validation error when data: members = &quot;null&quot;">
    </testcase>
    <testcase name="PUT /instance/:instanceId/zSet Validation Validation error when data: members = &quot;somestring&quot;" time="0.0030" classname="Validation error when data: members = &quot;somestring&quot;">
    </testcase>
    <testcase name="PUT /instance/:instanceId/zSet Validation Validation error when data: members = &quot;100&quot;" time="0.0030" classname="Validation error when data: members = &quot;100&quot;">
    </testcase>
    <testcase name="PUT /instance/:instanceId/zSet Validation Validation error when data: members = &quot;100.12&quot;" time="0.0020" classname="Validation error when data: members = &quot;100.12&quot;">
    </testcase>
    <testcase name="PUT /instance/:instanceId/zSet Validation Validation error when data: members = &quot;true&quot;" time="0.0040" classname="Validation error when data: members = &quot;true&quot;">
    </testcase>
    <testcase name="PUT /instance/:instanceId/zSet Validation Validation error when data: members.0 = &quot;null&quot;" time="0.0050" classname="Validation error when data: members.0 = &quot;null&quot;">
    </testcase>
    <testcase name="PUT /instance/:instanceId/zSet Validation Validation error when data: members.0 = &quot;somestring&quot;" time="0.0030" classname="Validation error when data: members.0 = &quot;somestring&quot;">
    </testcase>
    <testcase name="PUT /instance/:instanceId/zSet Validation Validation error when data: members.0 = &quot;100&quot;" time="0.0030" classname="Validation error when data: members.0 = &quot;100&quot;">
    </testcase>
    <testcase name="PUT /instance/:instanceId/zSet Validation Validation error when data: members.0 = &quot;100.12&quot;" time="0.0030" classname="Validation error when data: members.0 = &quot;100.12&quot;">
    </testcase>
    <testcase name="PUT /instance/:instanceId/zSet Validation Validation error when data: members.0 = &quot;true&quot;" time="0.0030" classname="Validation error when data: members.0 = &quot;true&quot;">
    </testcase>
    <testcase name="PUT /instance/:instanceId/zSet Validation Validation error when data: members.0.name = &quot;undefined&quot;" time="0.0030" classname="Validation error when data: members.0.name = &quot;undefined&quot;">
    </testcase>
    <testcase name="PUT /instance/:instanceId/zSet Validation Validation error when data: members.0.name = &quot;null&quot;" time="0.0030" classname="Validation error when data: members.0.name = &quot;null&quot;">
    </testcase>
    <testcase name="PUT /instance/:instanceId/zSet Validation Validation error when data: members.0.name = &quot;100&quot;" time="0.0030" classname="Validation error when data: members.0.name = &quot;100&quot;">
    </testcase>
    <testcase name="PUT /instance/:instanceId/zSet Validation Validation error when data: members.0.name = &quot;100.12&quot;" time="0.0030" classname="Validation error when data: members.0.name = &quot;100.12&quot;">
    </testcase>
    <testcase name="PUT /instance/:instanceId/zSet Validation Validation error when data: members.0.name = &quot;true&quot;" time="0.0030" classname="Validation error when data: members.0.name = &quot;true&quot;">
    </testcase>
    <testcase name="PUT /instance/:instanceId/zSet Validation Validation error when data: members.0.name = &quot;[object Object]&quot;" time="0.0030" classname="Validation error when data: members.0.name = &quot;[object Object]&quot;">
    </testcase>
    <testcase name="PUT /instance/:instanceId/zSet Validation Validation error when data: members.0.name = &quot;some,array&quot;" time="0.0020" classname="Validation error when data: members.0.name = &quot;some,array&quot;">
    </testcase>
    <testcase name="PUT /instance/:instanceId/zSet Validation Validation error when data: members.0.score = &quot;undefined&quot;" time="0.0030" classname="Validation error when data: members.0.score = &quot;undefined&quot;">
    </testcase>
    <testcase name="PUT /instance/:instanceId/zSet Validation Validation error when data: members.0.score = &quot;null&quot;" time="0.0030" classname="Validation error when data: members.0.score = &quot;null&quot;">
    </testcase>
    <testcase name="PUT /instance/:instanceId/zSet Validation Validation error when data: members.0.score = &quot;stringvalue&quot;" time="0.0040" classname="Validation error when data: members.0.score = &quot;stringvalue&quot;">
    </testcase>
    <testcase name="PUT /instance/:instanceId/zSet Validation Validation error when data: members.0.score = &quot;[object Object]&quot;" time="0.0040" classname="Validation error when data: members.0.score = &quot;[object Object]&quot;">
    </testcase>
    <testcase name="PUT /instance/:instanceId/zSet Validation Validation error when data: members.0.score = &quot;some,array&quot;" time="0.0030" classname="Validation error when data: members.0.score = &quot;some,array&quot;">
    </testcase>
  </testsuite>
  <testsuite name="Common" timestamp="2022-06-30T06:44:15" tests="5" file="/usr/src/app/test/api/z-set/PUT-instance-id-zSet.test.ts" time="0.0200" failures="0">
    <testcase name="PUT /instance/:instanceId/zSet Common Should return NotFound error if instance id does not exists" time="0.0020" classname="Should return NotFound error if instance id does not exists">
    </testcase>
    <testcase name="PUT /instance/:instanceId/zSet Common Should return NotFound error if key does not exists" time="0.0040" classname="Should return NotFound error if key does not exists">
    </testcase>
    <testcase name="PUT /instance/:instanceId/zSet Common Should return BadRequest error if try to modify incorrect data type" time="0.0040" classname="Should return BadRequest error if try to modify incorrect data type">
    </testcase>
    <testcase name="PUT /instance/:instanceId/zSet Common Should add member with empty value" time="0.0050" classname="Should add member with empty value">
    </testcase>
    <testcase name="PUT /instance/:instanceId/zSet Common Should add few members" time="0.0040" classname="Should add few members">
    </testcase>
  </testsuite>
  <testsuite name="ACL" timestamp="2022-06-30T06:44:15" tests="3" file="/usr/src/app/test/api/z-set/PUT-instance-id-zSet.test.ts" time="0.0120" failures="0">
    <testcase name="PUT /instance/:instanceId/zSet ACL Should create regular item" time="0.0030" classname="Should create regular item">
    </testcase>
    <testcase name="PUT /instance/:instanceId/zSet ACL Should throw error if no permissions for &quot;zadd&quot; command" time="0.0040" classname="Should throw error if no permissions for &quot;zadd&quot; command">
    </testcase>
    <testcase name="PUT /instance/:instanceId/zSet ACL Should throw error if no permissions for &quot;exists&quot; command" time="0.0030" classname="Should throw error if no permissions for &quot;exists&quot; command">
    </testcase>
  </testsuite>
</testsuites>